2024-12-15 19:27:55,933 || INFO || [get_file_list] Sent GET_FILE_LIST request to server.
2024-12-15 19:27:55,934 || INFO || [monitor_input] New files to download: ['2.pdf', 'Anhtoi.jpg']
2024-12-15 19:27:55,935 || INFO || [download_chunk] Sent GET_CHUNK request for 2.pdf, part 0
2024-12-15 19:27:55,935 || INFO || [download_chunk] Sent GET_CHUNK request for 2.pdf, part 1
2024-12-15 19:27:55,941 || INFO || [download_chunk] Sent GET_CHUNK request for 2.pdf, part 2
2024-12-15 19:27:55,963 || INFO || [download_chunk] Sent GET_CHUNK request for 2.pdf, part 3
2024-12-15 19:27:56,042 || INFO || [download_chunk] Valid packet (1, 0) received.
2024-12-15 19:27:56,042 || INFO || [download_chunk] Valid packet (2, 0) received.
2024-12-15 19:27:56,042 || INFO || [download_chunk] Valid packet (0, 0) received.
2024-12-15 19:27:56,042 || INFO || [download_chunk] Valid packet (3, 0) received.
2024-12-15 19:27:56,044 || INFO || [download_chunk] Valid packet (1, 1) received.
2024-12-15 19:27:56,045 || INFO || [download_chunk] Valid packet (2, 1) received.
2024-12-15 19:27:56,045 || INFO || [download_chunk] Valid packet (0, 1) received.
2024-12-15 19:27:56,046 || INFO || [download_chunk] Valid packet (3, 1) received.
2024-12-15 19:27:56,046 || INFO || [download_chunk] Valid packet (1, 2) received.
2024-12-15 19:27:56,047 || INFO || [download_chunk] Valid packet (2, 2) received.
2024-12-15 19:27:56,047 || INFO || [download_chunk] Valid packet (0, 2) received.
2024-12-15 19:27:56,048 || INFO || [download_chunk] Valid packet (3, 2) received.
2024-12-15 19:27:56,049 || INFO || [download_chunk] Valid packet (2, 3) received.
2024-12-15 19:27:56,049 || INFO || [download_chunk] Valid packet (1, 3) received.
2024-12-15 19:27:56,050 || INFO || [download_chunk] Valid packet (0, 3) received.
2024-12-15 19:27:56,051 || INFO || [download_chunk] Valid packet (3, 3) received.
2024-12-15 19:27:56,051 || INFO || [download_chunk] Valid packet (2, 4) received.
2024-12-15 19:27:56,052 || INFO || [download_chunk] Valid packet (1, 4) received.
2024-12-15 19:27:56,052 || INFO || [download_chunk] Valid packet (0, 4) received.
2024-12-15 19:27:56,053 || INFO || [download_chunk] Valid packet (2, 5) received.
2024-12-15 19:27:56,054 || INFO || [download_chunk] Valid packet (3, 4) received.
2024-12-15 19:27:56,054 || INFO || [download_chunk] Valid packet (0, 5) received.
2024-12-15 19:27:56,055 || INFO || [download_chunk] Valid packet (1, 5) received.
2024-12-15 19:27:56,056 || INFO || [download_chunk] Valid packet (2, 6) received.
2024-12-15 19:27:56,056 || INFO || [download_chunk] Valid packet (3, 5) received.
2024-12-15 19:27:56,057 || INFO || [download_chunk] Valid packet (0, 6) received.
2024-12-15 19:27:56,057 || INFO || [download_chunk] Valid packet (1, 6) received.
2024-12-15 19:27:56,059 || INFO || [download_chunk] Valid packet (2, 7) received.
2024-12-15 19:27:56,059 || INFO || [download_chunk] Valid packet (3, 6) received.
2024-12-15 19:27:56,059 || INFO || [download_chunk] Valid packet (0, 7) received.
2024-12-15 19:27:56,060 || INFO || [download_chunk] Valid packet (1, 7) received.
2024-12-15 19:27:56,061 || INFO || [download_chunk] Valid packet (3, 7) received.
2024-12-15 19:27:56,062 || INFO || [download_chunk] Valid packet (0, 8) received.
2024-12-15 19:27:56,062 || INFO || [download_chunk] Valid packet (2, 8) received.
2024-12-15 19:27:56,062 || INFO || [download_chunk] Valid packet (1, 8) received.
2024-12-15 19:27:56,063 || INFO || [download_chunk] Valid packet (3, 8) received.
2024-12-15 19:27:56,065 || INFO || [download_chunk] Valid packet (0, 9) received.
2024-12-15 19:27:56,065 || INFO || [download_chunk] Valid packet (1, 9) received.
2024-12-15 19:27:56,066 || INFO || [download_chunk] Valid packet (2, 9) received.
2024-12-15 19:27:56,066 || INFO || [download_chunk] Valid packet (3, 9) received.
2024-12-15 19:27:56,066 || INFO || [download_chunk] Valid packet (0, 10) received.
2024-12-15 19:27:56,066 || INFO || [download_chunk] Valid packet (1, 10) received.
2024-12-15 19:27:56,067 || INFO || [download_chunk] Valid packet (2, 10) received.
2024-12-15 19:27:56,068 || INFO || [download_chunk] Valid packet (0, 11) received.
2024-12-15 19:27:56,068 || INFO || [download_chunk] Valid packet (3, 10) received.
2024-12-15 19:27:56,068 || INFO || [download_chunk] Valid packet (1, 11) received.
2024-12-15 19:27:56,070 || INFO || [download_chunk] Valid packet (2, 11) received.
2024-12-15 19:27:56,070 || INFO || [download_chunk] Valid packet (0, 12) received.
2024-12-15 19:27:56,072 || INFO || [download_chunk] Valid packet (3, 11) received.
2024-12-15 19:27:56,072 || INFO || [download_chunk] Valid packet (2, 12) received.
2024-12-15 19:27:56,072 || INFO || [download_chunk] Valid packet (1, 12) received.
2024-12-15 19:27:56,073 || INFO || [download_chunk] Valid packet (3, 12) received.
2024-12-15 19:27:56,073 || INFO || [download_chunk] Valid packet (0, 13) received.
2024-12-15 19:27:56,074 || INFO || [download_chunk] Valid packet (1, 13) received.
2024-12-15 19:27:56,074 || INFO || [download_chunk] Valid packet (2, 13) received.
2024-12-15 19:27:56,075 || INFO || [download_chunk] Valid packet (3, 13) received.
2024-12-15 19:27:56,077 || INFO || [download_chunk] Valid packet (0, 14) received.
2024-12-15 19:27:56,078 || INFO || [download_chunk] Valid packet (2, 14) received.
2024-12-15 19:27:56,078 || INFO || [download_chunk] Valid packet (1, 14) received.
2024-12-15 19:27:56,080 || INFO || [download_chunk] Valid packet (3, 14) received.
2024-12-15 19:27:56,080 || INFO || [download_chunk] Valid packet (1, 15) received.
2024-12-15 19:27:56,080 || INFO || [download_chunk] Valid packet (2, 15) received.
2024-12-15 19:27:56,082 || INFO || [download_chunk] Valid packet (0, 15) received.
2024-12-15 19:27:56,084 || INFO || [download_chunk] Valid packet (3, 15) received.
2024-12-15 19:27:56,085 || INFO || [download_chunk] Valid packet (2, 16) received.
2024-12-15 19:27:56,085 || INFO || [download_chunk] Valid packet (0, 16) received.
2024-12-15 19:27:56,085 || INFO || [download_chunk] Valid packet (1, 16) received.
2024-12-15 19:27:56,086 || INFO || [download_chunk] Valid packet (3, 16) received.
2024-12-15 19:27:56,087 || INFO || [download_chunk] Valid packet (2, 17) received.
2024-12-15 19:27:56,087 || INFO || [download_chunk] Valid packet (0, 17) received.
2024-12-15 19:27:56,088 || INFO || [download_chunk] Valid packet (1, 17) received.
2024-12-15 19:27:56,089 || INFO || [download_chunk] Valid packet (3, 17) received.
2024-12-15 19:27:56,089 || INFO || [download_chunk] Valid packet (0, 18) received.
2024-12-15 19:27:56,089 || INFO || [download_chunk] Valid packet (1, 18) received.
2024-12-15 19:27:56,090 || INFO || [download_chunk] Valid packet (2, 18) received.
2024-12-15 19:27:56,092 || INFO || [download_chunk] Valid packet (1, 19) received.
2024-12-15 19:27:56,092 || INFO || [download_chunk] Valid packet (0, 19) received.
2024-12-15 19:27:56,093 || INFO || [download_chunk] Valid packet (3, 18) received.
2024-12-15 19:27:56,094 || INFO || [download_chunk] Valid packet (1, 20) received.
2024-12-15 19:27:56,094 || INFO || [download_chunk] Valid packet (2, 19) received.
2024-12-15 19:27:56,095 || INFO || [download_chunk] Valid packet (3, 19) received.
2024-12-15 19:27:56,095 || INFO || [download_chunk] Valid packet (1, 21) received.
2024-12-15 19:27:56,095 || INFO || [download_chunk] Valid packet (0, 20) received.
2024-12-15 19:27:56,096 || INFO || [download_chunk] Valid packet (2, 20) received.
2024-12-15 19:27:56,097 || INFO || [download_chunk] Valid packet (3, 20) received.
2024-12-15 19:27:56,097 || INFO || [download_chunk] Valid packet (1, 22) received.
2024-12-15 19:27:56,098 || INFO || [download_chunk] Valid packet (0, 21) received.
2024-12-15 19:27:56,098 || INFO || [download_chunk] Valid packet (2, 21) received.
2024-12-15 19:27:56,099 || INFO || [download_chunk] Valid packet (3, 21) received.
2024-12-15 19:27:56,100 || INFO || [download_chunk] Valid packet (0, 22) received.
2024-12-15 19:27:56,100 || INFO || [download_chunk] Valid packet (1, 23) received.
2024-12-15 19:27:56,100 || INFO || [download_chunk] Valid packet (2, 22) received.
2024-12-15 19:27:56,101 || INFO || [download_chunk] Valid packet (3, 22) received.
2024-12-15 19:27:56,102 || INFO || [download_chunk] Valid packet (2, 23) received.
2024-12-15 19:27:56,103 || INFO || [download_chunk] Valid packet (1, 24) received.
2024-12-15 19:27:56,103 || INFO || [download_chunk] Valid packet (0, 23) received.
2024-12-15 19:27:56,103 || INFO || [download_chunk] Valid packet (3, 23) received.
2024-12-15 19:27:56,104 || INFO || [download_chunk] Valid packet (2, 24) received.
2024-12-15 19:27:56,105 || INFO || [download_chunk] Valid packet (1, 25) received.
2024-12-15 19:27:56,106 || INFO || [download_chunk] Valid packet (3, 24) received.
2024-12-15 19:27:56,107 || INFO || [download_chunk] Valid packet (0, 24) received.
2024-12-15 19:27:56,107 || INFO || [download_chunk] Valid packet (3, 25) received.
2024-12-15 19:27:56,108 || INFO || [download_chunk] Valid packet (2, 25) received.
2024-12-15 19:27:56,108 || INFO || [download_chunk] Valid packet (1, 26) received.
2024-12-15 19:27:56,109 || INFO || [download_chunk] Valid packet (3, 26) received.
2024-12-15 19:27:56,110 || INFO || [download_chunk] Valid packet (2, 26) received.
2024-12-15 19:27:56,111 || INFO || [download_chunk] Valid packet (0, 25) received.
2024-12-15 19:27:56,112 || INFO || [download_chunk] Valid packet (1, 27) received.
2024-12-15 19:27:56,113 || INFO || [download_chunk] Valid packet (3, 27) received.
2024-12-15 19:27:56,113 || INFO || [download_chunk] Valid packet (0, 26) received.
2024-12-15 19:27:56,114 || INFO || [download_chunk] Valid packet (2, 27) received.
2024-12-15 19:27:56,115 || INFO || [download_chunk] Valid packet (1, 28) received.
2024-12-15 19:27:56,115 || INFO || [download_chunk] Valid packet (3, 28) received.
2024-12-15 19:27:56,115 || INFO || [download_chunk] Valid packet (0, 27) received.
2024-12-15 19:27:56,116 || INFO || [download_chunk] Valid packet (2, 28) received.
2024-12-15 19:27:56,117 || INFO || [download_chunk] Valid packet (0, 28) received.
2024-12-15 19:27:56,117 || INFO || [download_chunk] Valid packet (1, 29) received.
2024-12-15 19:27:56,118 || INFO || [download_chunk] Valid packet (3, 29) received.
2024-12-15 19:27:56,120 || INFO || [download_chunk] Valid packet (2, 29) received.
2024-12-15 19:27:56,120 || INFO || [download_chunk] Valid packet (1, 30) received.
2024-12-15 19:27:56,121 || INFO || [download_chunk] Valid packet (0, 29) received.
2024-12-15 19:27:56,122 || INFO || [download_chunk] Valid packet (3, 30) received.
2024-12-15 19:27:56,122 || INFO || [download_chunk] Valid packet (2, 30) received.
2024-12-15 19:27:56,124 || INFO || [download_chunk] Valid packet (0, 30) received.
2024-12-15 19:27:56,125 || INFO || [download_chunk] Valid packet (3, 31) received.
2024-12-15 19:27:56,125 || INFO || [download_chunk] Valid packet (1, 31) received.
2024-12-15 19:27:56,125 || INFO || [download_chunk] Valid packet (2, 31) received.
2024-12-15 19:27:56,129 || INFO || [download_chunk] Valid packet (0, 31) received.
2024-12-15 19:27:56,129 || INFO || [download_chunk] Valid packet (3, 32) received.
2024-12-15 19:27:56,130 || INFO || [download_chunk] Valid packet (1, 32) received.
2024-12-15 19:27:56,130 || INFO || [download_chunk] Valid packet (2, 32) received.
2024-12-15 19:27:56,131 || INFO || [download_chunk] Valid packet (0, 32) received.
2024-12-15 19:27:56,131 || INFO || [download_chunk] Valid packet (3, 33) received.
2024-12-15 19:27:56,131 || INFO || [download_chunk] Valid packet (1, 33) received.
2024-12-15 19:27:56,132 || INFO || [download_chunk] Valid packet (2, 33) received.
2024-12-15 19:27:56,133 || INFO || [download_chunk] Valid packet (0, 33) received.
2024-12-15 19:27:56,133 || INFO || [download_chunk] Valid packet (3, 34) received.
2024-12-15 19:27:56,133 || INFO || [download_chunk] Valid packet (1, 34) received.
2024-12-15 19:27:56,134 || INFO || [download_chunk] Valid packet (2, 34) received.
2024-12-15 19:27:56,136 || INFO || [download_chunk] Valid packet (3, 35) received.
2024-12-15 19:27:56,136 || INFO || [download_chunk] Valid packet (0, 34) received.
2024-12-15 19:27:56,136 || INFO || [download_chunk] Valid packet (2, 35) received.
2024-12-15 19:27:56,136 || INFO || [download_chunk] Valid packet (1, 35) received.
2024-12-15 19:27:56,138 || INFO || [download_chunk] Valid packet (3, 36) received.
2024-12-15 19:27:56,138 || INFO || [download_chunk] Valid packet (2, 36) received.
2024-12-15 19:27:56,138 || INFO || [download_chunk] Valid packet (0, 35) received.
2024-12-15 19:27:56,139 || INFO || [download_chunk] Valid packet (1, 36) received.
2024-12-15 19:27:56,140 || INFO || [download_chunk] Valid packet (0, 36) received.
2024-12-15 19:27:56,140 || INFO || [download_chunk] Valid packet (2, 37) received.
2024-12-15 19:27:56,141 || INFO || [download_chunk] Valid packet (3, 37) received.
2024-12-15 19:27:56,141 || INFO || [download_chunk] Valid packet (1, 37) received.
2024-12-15 19:27:56,142 || INFO || [download_chunk] Valid packet (0, 37) received.
2024-12-15 19:27:56,144 || INFO || [download_chunk] Valid packet (2, 38) received.
2024-12-15 19:27:56,145 || INFO || [download_chunk] Valid packet (3, 38) received.
2024-12-15 19:27:56,145 || INFO || [download_chunk] Valid packet (0, 38) received.
2024-12-15 19:27:56,145 || INFO || [download_chunk] Valid packet (1, 38) received.
2024-12-15 19:27:56,147 || INFO || [download_chunk] Valid packet (0, 39) received.
2024-12-15 19:27:56,147 || INFO || [download_chunk] Valid packet (2, 39) received.
2024-12-15 19:27:56,147 || INFO || [download_chunk] Valid packet (3, 39) received.
2024-12-15 19:27:56,148 || INFO || [download_chunk] Valid packet (1, 39) received.
2024-12-15 19:27:56,149 || INFO || [download_chunk] Valid packet (0, 40) received.
2024-12-15 19:27:56,149 || INFO || [download_chunk] Valid packet (2, 40) received.
2024-12-15 19:27:56,150 || INFO || [download_chunk] Valid packet (3, 40) received.
2024-12-15 19:27:56,151 || INFO || [download_chunk] Valid packet (1, 40) received.
2024-12-15 19:27:56,152 || INFO || [download_chunk] Valid packet (0, 41) received.
2024-12-15 19:27:56,153 || INFO || [download_chunk] Valid packet (2, 41) received.
2024-12-15 19:27:56,153 || INFO || [download_chunk] Valid packet (3, 41) received.
2024-12-15 19:27:56,153 || INFO || [download_chunk] Valid packet (1, 41) received.
2024-12-15 19:27:56,155 || INFO || [download_chunk] Valid packet (2, 42) received.
2024-12-15 19:27:56,155 || INFO || [download_chunk] Valid packet (0, 42) received.
2024-12-15 19:27:56,156 || INFO || [download_chunk] Valid packet (3, 42) received.
2024-12-15 19:27:56,157 || INFO || [download_chunk] Valid packet (1, 42) received.
2024-12-15 19:27:56,157 || INFO || [download_chunk] Valid packet (2, 43) received.
2024-12-15 19:27:56,158 || INFO || [download_chunk] Valid packet (0, 43) received.
2024-12-15 19:27:56,158 || INFO || [download_chunk] Valid packet (3, 43) received.
2024-12-15 19:27:56,160 || INFO || [download_chunk] Valid packet (2, 44) received.
2024-12-15 19:27:56,161 || INFO || [download_chunk] Valid packet (0, 44) received.
2024-12-15 19:27:56,161 || INFO || [download_chunk] Valid packet (1, 43) received.
2024-12-15 19:27:56,163 || INFO || [download_chunk] Valid packet (3, 44) received.
2024-12-15 19:27:56,164 || INFO || [download_chunk] Valid packet (2, 45) received.
2024-12-15 19:27:56,164 || INFO || [download_chunk] Valid packet (0, 45) received.
2024-12-15 19:27:56,164 || INFO || [download_chunk] Valid packet (1, 44) received.
2024-12-15 19:27:56,165 || INFO || [download_chunk] Valid packet (3, 45) received.
2024-12-15 19:27:56,167 || INFO || [download_chunk] Valid packet (2, 46) received.
2024-12-15 19:27:56,167 || INFO || [download_chunk] Valid packet (0, 46) received.
2024-12-15 19:27:56,168 || INFO || [download_chunk] Valid packet (3, 46) received.
2024-12-15 19:27:56,168 || INFO || [download_chunk] Valid packet (1, 45) received.
2024-12-15 19:27:56,169 || INFO || [download_chunk] Valid packet (2, 47) received.
2024-12-15 19:27:56,170 || INFO || [download_chunk] Valid packet (1, 46) received.
2024-12-15 19:27:56,170 || INFO || [download_chunk] Valid packet (0, 47) received.
2024-12-15 19:27:56,170 || INFO || [download_chunk] Valid packet (3, 47) received.
2024-12-15 19:27:56,171 || INFO || [download_chunk] Valid packet (2, 48) received.
2024-12-15 19:27:56,172 || INFO || [download_chunk] Valid packet (1, 47) received.
2024-12-15 19:27:56,172 || INFO || [download_chunk] Valid packet (2, 49) received.
2024-12-15 19:27:56,172 || INFO || [download_chunk] Valid packet (3, 48) received.
2024-12-15 19:27:56,172 || INFO || [download_chunk] Valid packet (0, 48) received.
2024-12-15 19:27:56,175 || INFO || [download_chunk] Valid packet (2, 50) received.
2024-12-15 19:27:56,175 || INFO || [download_chunk] Valid packet (1, 48) received.
2024-12-15 19:27:56,176 || INFO || [download_chunk] Valid packet (3, 49) received.
2024-12-15 19:27:56,176 || INFO || [download_chunk] Valid packet (0, 49) received.
2024-12-15 19:27:56,177 || INFO || [download_chunk] Valid packet (2, 51) received.
2024-12-15 19:27:56,177 || INFO || [download_chunk] Valid packet (1, 49) received.
2024-12-15 19:27:56,178 || INFO || [download_chunk] Valid packet (3, 50) received.
2024-12-15 19:27:56,178 || INFO || [download_chunk] Valid packet (2, 52) received.
2024-12-15 19:27:56,179 || INFO || [download_chunk] Valid packet (1, 50) received.
2024-12-15 19:27:56,179 || INFO || [download_chunk] Valid packet (0, 50) received.
2024-12-15 19:27:56,180 || INFO || [download_chunk] Valid packet (3, 51) received.
2024-12-15 19:27:56,180 || INFO || [download_chunk] Valid packet (1, 51) received.
2024-12-15 19:27:56,180 || INFO || [download_chunk] Valid packet (0, 51) received.
2024-12-15 19:27:56,180 || INFO || [download_chunk] Valid packet (2, 53) received.
2024-12-15 19:27:56,182 || INFO || [download_chunk] Valid packet (3, 52) received.
2024-12-15 19:27:56,183 || INFO || [download_chunk] Valid packet (1, 52) received.
2024-12-15 19:27:56,183 || INFO || [download_chunk] Valid packet (0, 52) received.
2024-12-15 19:27:56,183 || INFO || [download_chunk] Valid packet (2, 54) received.
2024-12-15 19:27:56,185 || INFO || [download_chunk] Valid packet (3, 53) received.
2024-12-15 19:27:56,185 || INFO || [download_chunk] Valid packet (1, 53) received.
2024-12-15 19:27:56,186 || INFO || [download_chunk] Valid packet (0, 53) received.
2024-12-15 19:27:56,186 || INFO || [download_chunk] Valid packet (2, 55) received.
2024-12-15 19:27:56,187 || INFO || [download_chunk] Valid packet (3, 54) received.
2024-12-15 19:27:56,188 || INFO || [download_chunk] Valid packet (1, 54) received.
2024-12-15 19:27:56,188 || INFO || [download_chunk] Valid packet (0, 54) received.
2024-12-15 19:27:56,190 || INFO || [download_chunk] Valid packet (3, 55) received.
2024-12-15 19:27:56,190 || INFO || [download_chunk] Valid packet (1, 55) received.
2024-12-15 19:27:56,191 || INFO || [download_chunk] Valid packet (0, 55) received.
2024-12-15 19:27:56,194 || INFO || Successfully merged 2.pdf.
2024-12-15 19:27:56,194 || INFO || [download_file] File 2.pdf has been downloaded.

2024-12-15 19:27:56,194 || INFO || [download_chunk] Sent GET_CHUNK request for Anhtoi.jpg, part 0
2024-12-15 19:27:56,194 || INFO || [download_chunk] Sent GET_CHUNK request for Anhtoi.jpg, part 1
2024-12-15 19:27:56,195 || INFO || [download_chunk] Sent GET_CHUNK request for Anhtoi.jpg, part 2
2024-12-15 19:27:56,195 || INFO || [download_chunk] Sent GET_CHUNK request for Anhtoi.jpg, part 3
2024-12-15 19:27:56,196 || INFO || [download_chunk] Valid packet (0, 0) received.
2024-12-15 19:27:56,196 || INFO || [download_chunk] Valid packet (1, 0) received.
2024-12-15 19:27:56,196 || INFO || [download_chunk] Valid packet (2, 0) received.
2024-12-15 19:27:56,197 || INFO || [download_chunk] Valid packet (0, 1) received.
2024-12-15 19:27:56,197 || INFO || [download_chunk] Valid packet (3, 0) received.
2024-12-15 19:27:56,197 || INFO || [download_chunk] Valid packet (1, 1) received.
2024-12-15 19:27:56,198 || INFO || [download_chunk] Valid packet (2, 1) received.
2024-12-15 19:27:56,199 || INFO || [download_chunk] Valid packet (0, 2) received.
2024-12-15 19:27:56,199 || INFO || [download_chunk] Valid packet (1, 2) received.
2024-12-15 19:27:56,200 || INFO || [download_chunk] Valid packet (3, 1) received.
2024-12-15 19:27:56,200 || INFO || [download_chunk] Valid packet (2, 2) received.
2024-12-15 19:27:56,200 || INFO || [download_chunk] Valid packet (0, 3) received.
2024-12-15 19:27:56,201 || INFO || [download_chunk] Valid packet (1, 3) received.
2024-12-15 19:27:56,201 || INFO || [download_chunk] Valid packet (3, 2) received.
2024-12-15 19:27:56,202 || INFO || [download_chunk] Valid packet (2, 3) received.
2024-12-15 19:27:56,202 || INFO || [download_chunk] Valid packet (0, 4) received.
2024-12-15 19:27:56,202 || INFO || [download_chunk] Valid packet (1, 4) received.
2024-12-15 19:27:56,203 || INFO || [download_chunk] Valid packet (3, 3) received.
2024-12-15 19:27:56,203 || INFO || [download_chunk] Valid packet (2, 4) received.
2024-12-15 19:27:56,204 || INFO || [download_chunk] Valid packet (1, 5) received.
2024-12-15 19:27:56,204 || INFO || [download_chunk] Valid packet (0, 5) received.
2024-12-15 19:27:56,205 || INFO || [download_chunk] Valid packet (3, 4) received.
2024-12-15 19:27:56,205 || INFO || [download_chunk] Valid packet (2, 5) received.
2024-12-15 19:27:56,205 || INFO || [download_chunk] Valid packet (1, 6) received.
2024-12-15 19:27:56,206 || INFO || [download_chunk] Valid packet (0, 6) received.
2024-12-15 19:27:56,207 || INFO || [download_chunk] Valid packet (3, 5) received.
2024-12-15 19:27:56,207 || INFO || [download_chunk] Valid packet (1, 7) received.
2024-12-15 19:27:56,208 || INFO || [download_chunk] Valid packet (2, 6) received.
2024-12-15 19:27:56,208 || INFO || [download_chunk] Valid packet (0, 7) received.
2024-12-15 19:27:56,208 || INFO || [download_chunk] Valid packet (3, 6) received.
2024-12-15 19:27:56,210 || INFO || [download_chunk] Valid packet (3, 7) received.
2024-12-15 19:27:56,211 || INFO || [download_chunk] Valid packet (2, 7) received.
2024-12-15 19:27:56,211 || INFO || [download_chunk] Valid packet (1, 8) received.
2024-12-15 19:27:56,211 || INFO || [download_chunk] Valid packet (0, 8) received.
2024-12-15 19:27:56,212 || INFO || [download_chunk] Valid packet (3, 8) received.
2024-12-15 19:27:56,213 || INFO || [download_chunk] Valid packet (2, 8) received.
2024-12-15 19:27:56,214 || INFO || [download_chunk] Valid packet (0, 9) received.
2024-12-15 19:27:56,214 || INFO || [download_chunk] Valid packet (1, 9) received.
2024-12-15 19:27:56,215 || INFO || [download_chunk] Valid packet (3, 9) received.
2024-12-15 19:27:56,216 || INFO || [download_chunk] Valid packet (2, 9) received.
2024-12-15 19:27:56,218 || INFO || Successfully merged Anhtoi.jpg.
2024-12-15 19:27:56,218 || INFO || [download_file] File Anhtoi.jpg has been downloaded.

2024-12-15 19:32:39,548 || ERROR || [handle_shutdown] Shutdown client.
